[LOG] System::create                           : Header version = 2.02.25. Current version = 2.02.25.
[LOG] Manager::init                            : maxchannels = 256 studioflags = 00000006 flags 00000000 extradriverdata 0000000000000000.
[LOG] SystemI::init                            : Initialize version=20225 (147536), maxchannels=256, flags=0x00020000
[LOG] SystemI::setOutputInternal               : Setting output to 'FMOD WASAPI Output'
[LOG] OutputWASAPI::init                       : Mix Format (WAVEFORMATEX): wFormatTag=0xFFFE, nChannels=2, nSamplesPerSec=48000, nAvgBytesPerSec=384000, nBlockAlign=8, wBitsPerSample=32, cbSize=22.
[LOG] OutputWASAPI::init                       : Mix Format (WAVEFORMATEXTENSIBLE): wValidBitsPerSample=32, dwChannelMask=0x00000003, SubFormat=00000003-0000-0010-8000-00AA00389B71.
[LOG] OutputWASAPI::init                       : Output buffer size: 4096 samples, latency: 0.00ms, period: 10.00ms, DSP buffer: 1024 * 4
[LOG] Thread::initThread                       : Init FMOD stream thread. Affinity: 0x4000000000000003, Priority: 0xFFFF7FFB, Stack Size: 98304, Semaphore: No, Sleep Time: 10, Looping: Yes.
[LOG] Thread::initThread                       : Init FMOD mixer thread. Affinity: 0x4000000000000001, Priority: 0xFFFF7FFA, Stack Size: 81920, Semaphore: No, Sleep Time: 0, Looping: Yes.
[LOG] AsyncManager::init                       : manager 00000213D3DE0338 isAsync 0 updatePeriod 0.02
[LOG] AsyncManager::init                       : done
[LOG] PlaybackSystem::init                     : 
[LOG] Thread::initThread                       : Init FMOD Studio sample load thread. Affinity: 0x4000000000000003, Priority: 0xFFFF7FFD, Stack Size: 98304, Semaphore: No, Sleep Time: 1, Looping: No.
[LOG] PlaybackSystem::init                     : done
[LOG] Thread::initThread                       : Init FMOD Studio bank load thread. Affinity: 0x4000000000000003, Priority: 0xFFFF7FFD, Stack Size: 98304, Semaphore: No, Sleep Time: 1, Looping: No.
[LOG] Manager::init                            : done.
[LOG] Manager::readBank                        : fileversion = 142, compatVersion = 140 (oldest = 44, newest = 142)
[LOG] Manager::readBank                        : fileversion = 142, compatVersion = 140 (oldest = 44, newest = 142)
[LOG] PlaybackSystem::acquireMasterBus         : Setting master channel group format to 6
[LOG] SystemI::createSoundInternal             : Create name='', mode=0x02000202
[LOG] SystemI::createSoundInternal             : exinfo->cbsize             = 224
[LOG] SystemI::createSoundInternal             : exinfo->length             = 27378400
[LOG] SystemI::createSoundInternal             : exinfo->fileoffset         = 236576
[LOG] SystemI::createSoundInternal             : exinfo->numsubsounds       = 1
[LOG] SystemI::createSoundInternal             : exinfo->inclusionlist      = 000000CE13BFF308
[LOG] SystemI::createSoundInternal             : exinfo->inclusionlistnum   = 1
[LOG] SystemI::createSoundInternal             : exinfo->suggestedsoundtype = 5
[LOG] SystemI::createSoundInternal             : exinfo->useropen           = 00007FFADFCF5B90
[LOG] SystemI::createSoundInternal             : exinfo->userclose          = 00007FFADFCF5B50
[LOG] SystemI::createSoundInternal             : exinfo->userread           = 00007FFADFCF5C70
[LOG] SystemI::createSoundInternal             : exinfo->userseek           = 00007FFADFCF5D30
[LOG] SystemI::createSoundInternal             : exinfo->fileuserdata       = 00000214CC87DDA8
[LOG] SystemI::createSoundInternal             : exinfo->initialseekpostype = 1
[LOG] SystemI::DSPCodecPoolRegister            : register codec pool for pool type 5
[LOG] SystemI::createSoundInternal             : Sample 0/1: name='bush_rustle_03', format=5, channels=2, frequency=48000, lengthbytes=14336, lengthpcm=54112, pcmblocksize=0, loopstart=0, loopend=0, mode=0x00000000, channelmask=0x00000000, channelorder=0, peakvolume=0.454224.
[LOG] SystemI::createSoundInternal             : Create name='', mode=0x02000202
[LOG] SystemI::createSoundInternal             : exinfo->cbsize             = 224
[LOG] SystemI::createSoundInternal             : exinfo->length             = 27378400
[LOG] SystemI::createSoundInternal             : exinfo->fileoffset         = 236576
[LOG] SystemI::createSoundInternal             : exinfo->numsubsounds       = 1
[LOG] SystemI::createSoundInternal             : exinfo->inclusionlist      = 000000CE13BFF308
[LOG] SystemI::createSoundInternal             : exinfo->inclusionlistnum   = 1
[LOG] SystemI::createSoundInternal             : exinfo->suggestedsoundtype = 5
[LOG] SystemI::createSoundInternal             : exinfo->useropen           = 00007FFADFCF5B90
[LOG] SystemI::createSoundInternal             : exinfo->userclose          = 00007FFADFCF5B50
[LOG] SystemI::createSoundInternal             : exinfo->userread           = 00007FFADFCF5C70
[LOG] SystemI::createSoundInternal             : exinfo->userseek           = 00007FFADFCF5D30
[LOG] SystemI::createSoundInternal             : exinfo->fileuserdata       = 00000214CC87DDA8
[LOG] SystemI::createSoundInternal             : exinfo->initialseekpostype = 1
[LOG] SystemI::DSPCodecPoolRegister            : register codec pool for pool type 5
[LOG] SystemI::createSoundInternal             : Sample 0/1: name='bush_rustle_02', format=5, channels=2, frequency=48000, lengthbytes=8000, lengthpcm=34362, pcmblocksize=0, loopstart=0, loopend=0, mode=0x00000000, channelmask=0x00000000, channelorder=0, peakvolume=0.481903.
[LOG] SystemI::createSoundInternal             : Create name='', mode=0x02000202
[LOG] SystemI::createSoundInternal             : exinfo->cbsize             = 224
[LOG] SystemI::createSoundInternal             : exinfo->length             = 27378400
[LOG] SystemI::createSoundInternal             : exinfo->fileoffset         = 236576
[LOG] SystemI::createSoundInternal             : exinfo->numsubsounds       = 1
[LOG] SystemI::createSoundInternal             : exinfo->inclusionlist      = 000000CE13BFF308
[LOG] SystemI::createSoundInternal             : exinfo->inclusionlistnum   = 1
[LOG] SystemI::createSoundInternal             : exinfo->suggestedsoundtype = 5
[LOG] SystemI::createSoundInternal             : exinfo->useropen           = 00007FFADFCF5B90
[LOG] SystemI::createSoundInternal             : exinfo->userclose          = 00007FFADFCF5B50
[LOG] SystemI::createSoundInternal             : exinfo->userread           = 00007FFADFCF5C70
[LOG] SystemI::createSoundInternal             : exinfo->userseek           = 00007FFADFCF5D30
[LOG] SystemI::createSoundInternal             : exinfo->fileuserdata       = 00000214CC87DDA8
[LOG] SystemI::createSoundInternal             : exinfo->initialseekpostype = 1
[LOG] SystemI::DSPCodecPoolRegister            : register codec pool for pool type 5
[LOG] SystemI::createSoundInternal             : Sample 0/1: name='bush_rustle_01', format=5, channels=2, frequency=48000, lengthbytes=7936, lengthpcm=37267, pcmblocksize=0, loopstart=0, loopend=0, mode=0x00000000, channelmask=0x00000000, channelorder=0, peakvolume=0.152191.
[LOG] SystemI::createSoundInternal             : Create name='', mode=0x02000202
[LOG] SystemI::createSoundInternal             : exinfo->cbsize             = 224
[LOG] SystemI::createSoundInternal             : exinfo->length             = 27378400
[LOG] SystemI::createSoundInternal             : exinfo->fileoffset         = 236576
[LOG] SystemI::createSoundInternal             : exinfo->numsubsounds       = 1
[LOG] SystemI::createSoundInternal             : exinfo->inclusionlist      = 000000CE13BFF308
[LOG] SystemI::createSoundInternal             : exinfo->inclusionlistnum   = 1
[LOG] SystemI::createSoundInternal             : exinfo->suggestedsoundtype = 5
[LOG] SystemI::createSoundInternal             : exinfo->useropen           = 00007FFADFCF5B90
[LOG] SystemI::createSoundInternal             : exinfo->userclose          = 00007FFADFCF5B50
[LOG] SystemI::createSoundInternal             : exinfo->userread           = 00007FFADFCF5C70
[LOG] SystemI::createSoundInternal             : exinfo->userseek           = 00007FFADFCF5D30
[LOG] SystemI::createSoundInternal             : exinfo->fileuserdata       = 00000214CC87DDA8
[LOG] SystemI::createSoundInternal             : exinfo->initialseekpostype = 1
[LOG] SystemI::DSPCodecPoolRegister            : register codec pool for pool type 5
[LOG] SystemI::createSoundInternal             : Sample 0/1: name='bush_rustle_04', format=5, channels=2, frequency=48000, lengthbytes=15168, lengthpcm=62046, pcmblocksize=0, loopstart=0, loopend=0, mode=0x00000000, channelmask=0x00000000, channelorder=0, peakvolume=0.357971.
[LOG] SystemI::createSoundInternal             : Create name='', mode=0x02000202
[LOG] SystemI::createSoundInternal             : exinfo->cbsize             = 224
[LOG] SystemI::createSoundInternal             : exinfo->length             = 27378400
[LOG] SystemI::createSoundInternal             : exinfo->fileoffset         = 236576
[LOG] SystemI::createSoundInternal             : exinfo->numsubsounds       = 1
[LOG] SystemI::createSoundInternal             : exinfo->inclusionlist      = 000000CE13BFF308
[LOG] SystemI::createSoundInternal             : exinfo->inclusionlistnum   = 1
[LOG] SystemI::createSoundInternal             : exinfo->suggestedsoundtype = 5
[LOG] SystemI::createSoundInternal             : exinfo->useropen           = 00007FFADFCF5B90
[LOG] SystemI::createSoundInternal             : exinfo->userclose          = 00007FFADFCF5B50
[LOG] SystemI::createSoundInternal             : exinfo->userread           = 00007FFADFCF5C70
[LOG] SystemI::createSoundInternal             : exinfo->userseek           = 00007FFADFCF5D30
[LOG] SystemI::createSoundInternal             : exinfo->fileuserdata       = 00000214CC87EC18
[LOG] SystemI::createSoundInternal             : exinfo->initialseekpostype = 1
[LOG] SystemI::DSPCodecPoolRegister            : register codec pool for pool type 5
[LOG] SystemI::createSoundInternal             : Sample 0/1: name='enemy_hurt_04', format=5, channels=2, frequency=48000, lengthbytes=6880, lengthpcm=29760, pcmblocksize=0, loopstart=0, loopend=0, mode=0x00000000, channelmask=0x00000000, channelorder=0, peakvolume=0.988557.
[LOG] SystemI::createSoundInternal             : Create name='', mode=0x02000202
[LOG] SystemI::createSoundInternal             : exinfo->cbsize             = 224
[LOG] SystemI::createSoundInternal             : exinfo->length             = 27378400
[LOG] SystemI::createSoundInternal             : exinfo->fileoffset         = 236576
[LOG] SystemI::createSoundInternal             : exinfo->numsubsounds       = 1
[LOG] SystemI::createSoundInternal             : exinfo->inclusionlist      = 000000CE13BFF308
[LOG] SystemI::createSoundInternal             : exinfo->inclusionlistnum   = 1
[LOG] SystemI::createSoundInternal             : exinfo->suggestedsoundtype = 5
[LOG] SystemI::createSoundInternal             : exinfo->useropen           = 00007FFADFCF5B90
[LOG] SystemI::createSoundInternal             : exinfo->userclose          = 00007FFADFCF5B50
[LOG] SystemI::createSoundInternal             : exinfo->userread           = 00007FFADFCF5C70
[LOG] SystemI::createSoundInternal             : exinfo->userseek           = 00007FFADFCF5D30
[LOG] SystemI::createSoundInternal             : exinfo->fileuserdata       = 00000214CC87EC18
[LOG] SystemI::createSoundInternal             : exinfo->initialseekpostype = 1
[LOG] SystemI::DSPCodecPoolRegister            : register codec pool for pool type 5
[LOG] SystemI::createSoundInternal             : Sample 0/1: name='enemy_hurt_02', format=5, channels=2, frequency=48000, lengthbytes=9152, lengthpcm=36380, pcmblocksize=0, loopstart=0, loopend=0, mode=0x00000000, channelmask=0x00000000, channelorder=0, peakvolume=0.988559.
[LOG] SystemI::createSoundInternal             : Create name='', mode=0x02000202
[LOG] SystemI::createSoundInternal             : exinfo->cbsize             = 224
[LOG] SystemI::createSoundInternal             : exinfo->length             = 27378400
[LOG] SystemI::createSoundInternal             : exinfo->fileoffset         = 236576
[LOG] SystemI::createSoundInternal             : exinfo->numsubsounds       = 1
[LOG] SystemI::createSoundInternal             : exinfo->inclusionlist      = 000000CE13BFF308
[LOG] SystemI::createSoundInternal             : exinfo->inclusionlistnum   = 1
[LOG] SystemI::createSoundInternal             : exinfo->suggestedsoundtype = 5
[LOG] SystemI::createSoundInternal             : exinfo->useropen           = 00007FFADFCF5B90
[LOG] SystemI::createSoundInternal             : exinfo->userclose          = 00007FFADFCF5B50
[LOG] SystemI::createSoundInternal             : exinfo->userread           = 00007FFADFCF5C70
[LOG] SystemI::createSoundInternal             : exinfo->userseek           = 00007FFADFCF5D30
[LOG] SystemI::createSoundInternal             : exinfo->fileuserdata       = 00000214CC87EC18
[LOG] SystemI::createSoundInternal             : exinfo->initialseekpostype = 1
[LOG] SystemI::DSPCodecPoolRegister            : register codec pool for pool type 5
[LOG] SystemI::createSoundInternal             : Sample 0/1: name='enemy_hurt_01', format=5, channels=2, frequency=48000, lengthbytes=5632, lengthpcm=27329, pcmblocksize=0, loopstart=0, loopend=0, mode=0x00000000, channelmask=0x00000000, channelorder=0, peakvolume=0.988548.
[LOG] SystemI::createSoundInternal             : Create name='', mode=0x02000202
[LOG] SystemI::createSoundInternal             : exinfo->cbsize             = 224
[LOG] SystemI::createSoundInternal             : exinfo->length             = 27378400
[LOG] SystemI::createSoundInternal             : exinfo->fileoffset         = 236576
[LOG] SystemI::createSoundInternal             : exinfo->numsubsounds       = 1
[LOG] SystemI::createSoundInternal             : exinfo->inclusionlist      = 000000CE13BFF308
[LOG] SystemI::createSoundInternal             : exinfo->inclusionlistnum   = 1
[LOG] SystemI::createSoundInternal             : exinfo->suggestedsoundtype = 5
[LOG] SystemI::createSoundInternal             : exinfo->useropen           = 00007FFADFCF5B90
[LOG] SystemI::createSoundInternal             : exinfo->userclose          = 00007FFADFCF5B50
[LOG] SystemI::createSoundInternal             : exinfo->userread           = 00007FFADFCF5C70
[LOG] SystemI::createSoundInternal             : exinfo->userseek           = 00007FFADFCF5D30
[LOG] SystemI::createSoundInternal             : exinfo->fileuserdata       = 00000214CC87EC18
[LOG] SystemI::createSoundInternal             : exinfo->initialseekpostype = 1
[LOG] SystemI::DSPCodecPoolRegister            : register codec pool for pool type 5
[LOG] SystemI::createSoundInternal             : Sample 0/1: name='enemy_hurt_06', format=5, channels=2, frequency=48000, lengthbytes=7744, lengthpcm=33829, pcmblocksize=0, loopstart=0, loopend=0, mode=0x00000000, channelmask=0x00000000, channelorder=0, peakvolume=0.988557.
[LOG] SystemI::createSoundInternal             : Create name='', mode=0x02000202
[LOG] SystemI::createSoundInternal             : exinfo->cbsize             = 224
[LOG] SystemI::createSoundInternal             : exinfo->length             = 27378400
[LOG] SystemI::createSoundInternal             : exinfo->fileoffset         = 236576
[LOG] SystemI::createSoundInternal             : exinfo->numsubsounds       = 1
[LOG] SystemI::createSoundInternal             : exinfo->inclusionlist      = 000000CE13BFF308
[LOG] SystemI::createSoundInternal             : exinfo->inclusionlistnum   = 1
[LOG] SystemI::createSoundInternal             : exinfo->suggestedsoundtype = 5
[LOG] SystemI::createSoundInternal             : exinfo->useropen           = 00007FFADFCF5B90
[LOG] SystemI::createSoundInternal             : exinfo->userclose          = 00007FFADFCF5B50
[LOG] SystemI::createSoundInternal             : exinfo->userread           = 00007FFADFCF5C70
[LOG] SystemI::createSoundInternal             : exinfo->userseek           = 00007FFADFCF5D30
[LOG] SystemI::createSoundInternal             : exinfo->fileuserdata       = 00000214CC87EC18
[LOG] SystemI::createSoundInternal             : exinfo->initialseekpostype = 1
[LOG] SystemI::DSPCodecPoolRegister            : register codec pool for pool type 5
[LOG] SystemI::createSoundInternal             : Sample 0/1: name='enemy_hurt_03', format=5, channels=2, frequency=48000, lengthbytes=8384, lengthpcm=30927, pcmblocksize=0, loopstart=0, loopend=0, mode=0x00000000, channelmask=0x00000000, channelorder=0, peakvolume=0.988551.
[LOG] SystemI::createSoundInternal             : Create name='', mode=0x02000202
[LOG] SystemI::createSoundInternal             : exinfo->cbsize             = 224
[LOG] SystemI::createSoundInternal             : exinfo->length             = 27378400
[LOG] SystemI::createSoundInternal             : exinfo->fileoffset         = 236576
[LOG] SystemI::createSoundInternal             : exinfo->numsubsounds       = 1
[LOG] SystemI::createSoundInternal             : exinfo->inclusionlist      = 000000CE13BFF308
[LOG] SystemI::createSoundInternal             : exinfo->inclusionlistnum   = 1
[LOG] SystemI::createSoundInternal             : exinfo->suggestedsoundtype = 5
[LOG] SystemI::createSoundInternal             : exinfo->useropen           = 00007FFADFCF5B90
[LOG] SystemI::createSoundInternal             : exinfo->userclose          = 00007FFADFCF5B50
[LOG] SystemI::createSoundInternal             : exinfo->userread           = 00007FFADFCF5C70
[LOG] SystemI::createSoundInternal             : exinfo->userseek           = 00007FFADFCF5D30
[LOG] SystemI::createSoundInternal             : exinfo->fileuserdata       = 00000214CC87EC18
[LOG] SystemI::createSoundInternal             : exinfo->initialseekpostype = 1
[LOG] SystemI::DSPCodecPoolRegister            : register codec pool for pool type 5
[LOG] SystemI::createSoundInternal             : Sample 0/1: name='enemy_hurt_05', format=5, channels=2, frequency=48000, lengthbytes=8736, lengthpcm=36455, pcmblocksize=0, loopstart=0, loopend=0, mode=0x00000000, channelmask=0x00000000, channelorder=0, peakvolume=0.988561.
[LOG] SoundI::release                          :  (000002137B96C968)
[LOG] SoundI::release                          :     bush_rustle_01 (00000215AD5193C8)
[LOG] SoundI::release                          :  (000002137B96C0C8)
[LOG] SoundI::release                          :     bush_rustle_02 (00000215AD519228)
[LOG] SoundI::release                          :  (000002137B96CAD8)
[LOG] SoundI::release                          :     bush_rustle_03 (00000215AD518BA8)
[LOG] SoundI::release                          :  (000002137B96C238)
[LOG] SoundI::release                          :     bush_rustle_04 (00000215AD518EE8)
[LOG] SoundI::release                          :  (000002137B96C7F8)
[LOG] SoundI::release                          :     enemy_hurt_01 (00000214CCD50EB8)
[LOG] SoundI::release                          :  (000002137B96C688)
[LOG] SoundI::release                          :     enemy_hurt_02 (00000214CCD51538)
[LOG] SoundI::release                          :  (00000214BB6405F8)
[LOG] SoundI::release                          :     enemy_hurt_03 (00000214CCD51398)
[LOG] SoundI::release                          :  (000002137B96C3A8)
[LOG] SoundI::release                          :     enemy_hurt_04 (00000214CCD516D8)
[LOG] SoundI::release                          :  (00000214BB63FBE8)
[LOG] SoundI::release                          :     enemy_hurt_05 (000002157C6A0E18)
[LOG] SoundI::release                          :  (00000214BB6401A8)
[LOG] SoundI::release                          :     enemy_hurt_06 (00000214CCD51058)
[LOG] Thread::callback                         : FMOD Studio bank load thread finished.
[LOG] Thread::callback                         : FMOD Studio sample load thread finished.
[LOG] LiveUpdate::release                      : 
[LOG] LiveUpdate::reset                        : Reset connection (reason Disconnected)
[LOG] Thread::callback                         : FMOD stream thread finished.
[LOG] Thread::callback                         : FMOD mixer thread finished.
[LOG] SystemI::close                           : Closed.
